<?xml version="1.0" encoding="UTF-8"?>
<!-- Generated by org.testng.reporters.JUnitReportReporter -->
<testsuite hostname="DESKTOP-61BUFL3" failures="0" tests="3" name="testcases.SimplilearnLoginTest" time="14.678" errors="0" timestamp="2022-09-17T00:36:19 EDT" skipped="0">
  <testcase classname="testcases.SimplilearnLoginTest" name="Test2" time="3.755"/>
  <system-out/>
  <testcase classname="testcases.SimplilearnLoginTest" name="Test123" time="4.200"/>
  <system-out/>
  <testcase classname="testcases.SimplilearnLoginTest" name="Test3" time="6.723"/>
  <system-out/>
</testsuite> <!-- testcases.SimplilearnLoginTest -->
