<?xml version="1.0" encoding="UTF-8"?>
<!-- Generated by org.testng.reporters.JUnitReportReporter -->
<testsuite hostname="DESKTOP-61BUFL3" failures="0" tests="3" name="testcases.SimplilearnLoginTest" time="15.396" errors="0" timestamp="2022-09-11T02:01:14 EDT" skipped="0">
  <testcase classname="testcases.SimplilearnLoginTest" name="Test3" time="4.695"/>
  <system-out/>
  <testcase classname="testcases.SimplilearnLoginTest" name="Test1" time="5.579"/>
  <system-out/>
  <testcase classname="testcases.SimplilearnLoginTest" name="Test2" time="5.122"/>
  <system-out/>
</testsuite> <!-- testcases.SimplilearnLoginTest -->
