<?xml version="1.0" encoding="UTF-8"?>
<!-- Generated by org.testng.reporters.JUnitReportReporter -->
<testsuite hostname="DESKTOP-61BUFL3" failures="0" tests="3" name="testcases.SimplilearnLoginTest" time="19.608" errors="0" timestamp="2022-09-11T01:27:24 EDT" skipped="0">
  <testcase classname="testcases.SimplilearnLoginTest" name="Test2" time="4.144"/>
  <system-out/>
  <testcase classname="testcases.SimplilearnLoginTest" name="Test3" time="4.082"/>
  <system-out/>
  <testcase classname="testcases.SimplilearnLoginTest" name="Test1" time="11.382"/>
  <system-out/>
</testsuite> <!-- testcases.SimplilearnLoginTest -->
