<?xml version="1.0" encoding="UTF-8"?>
<!-- Generated by org.testng.reporters.JUnitReportReporter -->
<testsuite hostname="DESKTOP-61BUFL3" failures="0" tests="1" name="testcases.HomeTest" time="3.080" errors="0" timestamp="2022-09-11T01:25:15 EDT" skipped="0">
  <testcase classname="testcases.HomeTest" name="test1" time="3.080"/>
  <system-out/>
</testsuite> <!-- testcases.HomeTest -->
